<?xml version="1.0" encoding="UTF-8"?>
<!-- Generated by org.testng.reporters.JUnitReportReporter -->
<testsuite hostname="LAPTOP-7ETDT645" failures="0" tests="1" name="TestCases.LoginTest" time="4.974" errors="0" timestamp="2021-08-17T22:21:12 PDT" skipped="0">
  <testcase classname="TestCases.LoginTest" name="login" time="4.974"/>
  <system-out/>
</testsuite> <!-- TestCases.LoginTest -->
