<?xml version="1.0" encoding="UTF-8"?>
<!-- Generated by org.testng.reporters.JUnitReportReporter -->
<testsuite hostname="LAPTOP-7ETDT645" failures="0" tests="2" name="TestCases.LoginTest2" time="11.168" errors="0" timestamp="2021-08-17T22:41:47 PDT" skipped="0">
  <testcase classname="TestCases.LoginTest2" name="login" time="5.024"/>
  <system-out/>
  <testcase classname="TestCases.LoginTest2" name="Myinfo" time="6.144"/>
  <system-out/>
</testsuite> <!-- TestCases.LoginTest2 -->
