<?xml version="1.0" encoding="UTF-8"?>
<!-- Generated by org.testng.reporters.JUnitReportReporter -->
<testsuite hostname="LAPTOP-7ETDT645" failures="0" tests="4" name="TestCases.orangeHRmTest" time="36.190" errors="0" timestamp="2021-08-18T14:05:18 PDT" skipped="0">
  <testcase classname="TestCases.orangeHRmTest" name="login" time="6.228"/>
  <system-out/>
  <testcase classname="TestCases.orangeHRmTest" name="MyinfoTest" time="13.948"/>
  <system-out/>
  <testcase classname="TestCases.orangeHRmTest" name="RecruitmentTest" time="7.592"/>
  <system-out/>
  <testcase classname="TestCases.orangeHRmTest" name="addCandidateTest" time="8.422"/>
  <system-out/>
</testsuite> <!-- TestCases.orangeHRmTest -->
